2017-10-31T13:46:34+00:00 dhcp-10-248-107-48.eduroam.wireless.private.cam.ac.uk#00 I: Runner: processes
2017-10-31T13:46:34+00:00 dhcp-10-248-107-48.eduroam.wireless.private.cam.ac.uk#00 I: Chooser: simple
2017-10-31T13:46:34+00:00 dhcp-10-248-107-48.eduroam.wireless.private.cam.ac.uk#00 I: Configuration suite_name = "suite"
2017-10-31T13:46:34+00:00 dhcp-10-248-107-48.eduroam.wireless.private.cam.ac.uk#00 I: Configuration cache_filename = "/Users/Marko/Documents/Cambridge/Year Three/Project/ocamldevenvsetup/oUnit-$(suite_name).cache"
2017-10-31T13:46:34+00:00 dhcp-10-248-107-48.eduroam.wireless.private.cam.ac.uk#00 I: Configuration display = "true"
2017-10-31T13:46:34+00:00 dhcp-10-248-107-48.eduroam.wireless.private.cam.ac.uk#00 I: Configuration results_style_1_X = "false"
2017-10-31T13:46:34+00:00 dhcp-10-248-107-48.eduroam.wireless.private.cam.ac.uk#00 I: Configuration verbose = "false"
2017-10-31T13:46:34+00:00 dhcp-10-248-107-48.eduroam.wireless.private.cam.ac.uk#00 I: Configuration health_check_interval = "1."
2017-10-31T13:46:34+00:00 dhcp-10-248-107-48.eduroam.wireless.private.cam.ac.uk#00 I: Configuration testdata_dir = "none"
2017-10-31T13:46:34+00:00 dhcp-10-248-107-48.eduroam.wireless.private.cam.ac.uk#00 I: Configuration chooser = "simple"
2017-10-31T13:46:34+00:00 dhcp-10-248-107-48.eduroam.wireless.private.cam.ac.uk#00 I: Configuration output_html_dir = "none"
2017-10-31T13:46:34+00:00 dhcp-10-248-107-48.eduroam.wireless.private.cam.ac.uk#00 I: Configuration processes_kill_period = "5."
2017-10-31T13:46:34+00:00 dhcp-10-248-107-48.eduroam.wireless.private.cam.ac.uk#00 I: Configuration runner = "processes"
2017-10-31T13:46:34+00:00 dhcp-10-248-107-48.eduroam.wireless.private.cam.ac.uk#00 I: Configuration shards = "2"
2017-10-31T13:46:34+00:00 dhcp-10-248-107-48.eduroam.wireless.private.cam.ac.uk#00 I: Configuration processes_grace_period = "5."
2017-10-31T13:46:34+00:00 dhcp-10-248-107-48.eduroam.wireless.private.cam.ac.uk#00 I: Configuration log_encoding = "utf-8"
2017-10-31T13:46:34+00:00 dhcp-10-248-107-48.eduroam.wireless.private.cam.ac.uk#00 I: Configuration output_junit_file = "none"
2017-10-31T13:46:34+00:00 dhcp-10-248-107-48.eduroam.wireless.private.cam.ac.uk#00 I: Configuration output_file = "/Users/Marko/Documents/Cambridge/Year Three/Project/ocamldevenvsetup/oUnit-$(suite_name)-$(shard_id).log"
2017-10-31T13:46:34+00:00 dhcp-10-248-107-48.eduroam.wireless.private.cam.ac.uk#00 I: Using 2 workers maximum.
2017-10-31T13:46:34+00:00 dhcp-10-248-107-48.eduroam.wireless.private.cam.ac.uk#00 I: Starting worker number dhcp-10-248-107-48.eduroam.wireless.private.cam.ac.uk#01.
2017-10-31T13:46:34+00:00 dhcp-10-248-107-48.eduroam.wireless.private.cam.ac.uk#00 I: Worker dhcp-10-248-107-48.eduroam.wireless.private.cam.ac.uk#01 started.
2017-10-31T13:46:34+00:00 dhcp-10-248-107-48.eduroam.wireless.private.cam.ac.uk#00 I: Still 1 tests running : suite:0:test_add.
2017-10-31T13:46:34+00:00 dhcp-10-248-107-48.eduroam.wireless.private.cam.ac.uk#00 I: 1 tests running: suite:0:test_add.
2017-10-31T13:46:34+00:00 dhcp-10-248-107-48.eduroam.wireless.private.cam.ac.uk#01 I: Start test suite:0:test_add.
2017-10-31T13:46:34+00:00 dhcp-10-248-107-48.eduroam.wireless.private.cam.ac.uk#00 I: Still 1 tests running : suite:0:test_add.
2017-10-31T13:46:34+00:00 dhcp-10-248-107-48.eduroam.wireless.private.cam.ac.uk#00 I: 1 tests running: suite:0:test_add.
2017-10-31T13:46:34+00:00 dhcp-10-248-107-48.eduroam.wireless.private.cam.ac.uk#01 I: Test suite:0:test_add is successful.
2017-10-31T13:46:34+00:00 dhcp-10-248-107-48.eduroam.wireless.private.cam.ac.uk#00 I: Still 1 tests running : suite:0:test_add.
2017-10-31T13:46:34+00:00 dhcp-10-248-107-48.eduroam.wireless.private.cam.ac.uk#00 I: 1 tests running: suite:0:test_add.
2017-10-31T13:46:34+00:00 dhcp-10-248-107-48.eduroam.wireless.private.cam.ac.uk#01 I: End test suite:0:test_add.
2017-10-31T13:46:34+00:00 dhcp-10-248-107-48.eduroam.wireless.private.cam.ac.uk#00 I: Still 1 tests running : suite:0:test_add.
2017-10-31T13:46:34+00:00 dhcp-10-248-107-48.eduroam.wireless.private.cam.ac.uk#00 I: 1 tests running: suite:0:test_add.
2017-10-31T13:46:41+00:00 dhcp-10-248-107-48.eduroam.wireless.private.cam.ac.uk#00 I: 0 tests running: .
2017-10-31T13:46:41+00:00 dhcp-10-248-107-48.eduroam.wireless.private.cam.ac.uk#00 I: Worker dhcp-10-248-107-48.eduroam.wireless.private.cam.ac.uk#01 has ended.
2017-10-31T13:46:41+00:00 dhcp-10-248-107-48.eduroam.wireless.private.cam.ac.uk#00 I: Used 1 worker during test execution.
2017-10-31T13:46:41+00:00 dhcp-10-248-107-48.eduroam.wireless.private.cam.ac.uk#00 I: Run 1 tests with shard dhcp-10-248-107-48.eduroam.wireless.private.cam.ac.uk#01.
2017-10-31T13:46:41+00:00 dhcp-10-248-107-48.eduroam.wireless.private.cam.ac.uk#00 I: ==============
2017-10-31T13:46:41+00:00 dhcp-10-248-107-48.eduroam.wireless.private.cam.ac.uk#00 I: Summary:
2017-10-31T13:46:41+00:00 dhcp-10-248-107-48.eduroam.wireless.private.cam.ac.uk#00 I: Test suite:0:test_add is successful.
2017-10-31T13:46:41+00:00 dhcp-10-248-107-48.eduroam.wireless.private.cam.ac.uk#00 I: Ran: 1 tests in: 7.62 seconds.
2017-10-31T13:46:41+00:00 dhcp-10-248-107-48.eduroam.wireless.private.cam.ac.uk#00 I: Cases: 1.
2017-10-31T13:46:41+00:00 dhcp-10-248-107-48.eduroam.wireless.private.cam.ac.uk#00 I: Tried: 1.
2017-10-31T13:46:41+00:00 dhcp-10-248-107-48.eduroam.wireless.private.cam.ac.uk#00 I: Errors: 0.
2017-10-31T13:46:41+00:00 dhcp-10-248-107-48.eduroam.wireless.private.cam.ac.uk#00 I: Failures: 0.
2017-10-31T13:46:41+00:00 dhcp-10-248-107-48.eduroam.wireless.private.cam.ac.uk#00 I: Skip: 0.
2017-10-31T13:46:41+00:00 dhcp-10-248-107-48.eduroam.wireless.private.cam.ac.uk#00 I: Todo: 0.
2017-10-31T13:46:41+00:00 dhcp-10-248-107-48.eduroam.wireless.private.cam.ac.uk#00 I: Timeout: 0.
